 * Serving Flask app 'app'
 * Debug mode: off
[31m[1mWARNING: This is a development server. Do not use it in a production deployment. Use a production WSGI server instead.[0m
 * Running on all addresses (0.0.0.0)
 * Running on http://127.0.0.1:5001
 * Running on http://192.168.1.3:5001
[33mPress CTRL+C to quit[0m
127.0.0.1 - - [14/Apr/2026 02:52:41] "[32mGET / HTTP/1.1[0m" 302 -
127.0.0.1 - - [14/Apr/2026 02:52:41] "GET /admin/dashboard HTTP/1.1" 200 -
127.0.0.1 - - [14/Apr/2026 02:52:42] "[36mGET /static/css/style.css HTTP/1.1[0m" 304 -
127.0.0.1 - - [14/Apr/2026 02:52:42] "[33mGET /.well-known/appspecific/com.chrome.devtools.json HTTP/1.1[0m" 404 -
127.0.0.1 - - [14/Apr/2026 02:52:42] "[36mGET /static/js/scripts.js HTTP/1.1[0m" 304 -
127.0.0.1 - - [14/Apr/2026 02:52:42] "GET /api/notif-count HTTP/1.1" 200 -
127.0.0.1 - - [14/Apr/2026 02:52:52] "GET /admin/complaints HTTP/1.1" 200 -
127.0.0.1 - - [14/Apr/2026 02:52:52] "[36mGET /static/css/style.css HTTP/1.1[0m" 304 -
127.0.0.1 - - [14/Apr/2026 02:52:52] "[36mGET /static/js/scripts.js HTTP/1.1[0m" 304 -
127.0.0.1 - - [14/Apr/2026 02:52:52] "GET /api/notif-count HTTP/1.1" 200 -
[2026-04-14 02:52:52,966] ERROR in app: Exception on /admin/users [GET]
Traceback (most recent call last):
  File "/opt/anaconda3/lib/python3.13/site-packages/flask/app.py", line 1473, in wsgi_app
    response = self.full_dispatch_request()
  File "/opt/anaconda3/lib/python3.13/site-packages/flask/app.py", line 882, in full_dispatch_request
    rv = self.handle_user_exception(e)
  File "/opt/anaconda3/lib/python3.13/site-packages/flask/app.py", line 880, in full_dispatch_request
    rv = self.dispatch_request()
  File "/opt/anaconda3/lib/python3.13/site-packages/flask/app.py", line 865, in dispatch_request
    return self.ensure_sync(self.view_functions[rule.endpoint])(**view_args)  # type: ignore[no-any-return]
           ~~~~~~~~~~~~~~~~~~~~~~~~~~~~~~~~~~~~~~~~~~~~~~~~~~~~^^^^^^^^^^^^^
  File "/opt/anaconda3/lib/python3.13/site-packages/flask_login/utils.py", line 290, in decorated_view
    return current_app.ensure_sync(func)(*args, **kwargs)
           ~~~~~~~~~~~~~~~~~~~~~~~~~~~~~^^^^^^^^^^^^^^^^^
  File "/Users/sakshiawasthi/Documents/internship_fixed/utils.py", line 180, in decorated_function
    return f(*args, **kwargs)
  File "/Users/sakshiawasthi/Documents/internship_fixed/admin_routes.py", line 114, in manage_users
    return render_template('admin/manage_users.html', pagination=pagination, search=search, status=status)
  File "/opt/anaconda3/lib/python3.13/site-packages/flask/templating.py", line 150, in render_template
    return _render(app, template, context)
  File "/opt/anaconda3/lib/python3.13/site-packages/flask/templating.py", line 131, in _render
    rv = template.render(context)
  File "/opt/anaconda3/lib/python3.13/site-packages/jinja2/environment.py", line 1295, in render
    self.environment.handle_exception()
    ~~~~~~~~~~~~~~~~~~~~~~~~~~~~~~~~~^^
  File "/opt/anaconda3/lib/python3.13/site-packages/jinja2/environment.py", line 942, in handle_exception
    raise rewrite_traceback_stack(source=source)
  File "/Users/sakshiawasthi/Documents/internship_fixed/templates/admin/manage_users.html", line 1, in top-level template code
    {% extends "base.html" %}
  File "/Users/sakshiawasthi/Documents/internship_fixed/templates/base.html", line 71, in top-level template code
    <main class="page-content">{% block content %}{% endblock %}</main>
    ^^^^^^^^^^^^^^^^^^^^^
  File "/Users/sakshiawasthi/Documents/internship_fixed/templates/admin/manage_users.html", line 86, in block 'content'
    <form method="POST" action="{{ url_for('admin.delete_user', user_id=user.id) }}" style="display:inline;">
    ^^^^^^^^^^^
  File "/opt/anaconda3/lib/python3.13/site-packages/flask/app.py", line 1084, in url_for
    return self.handle_url_build_error(error, endpoint, values)
           ~~~~~~~~~~~~~~~~~~~~~~~~~~~^^^^^^^^^^^^^^^^^^^^^^^^^
  File "/opt/anaconda3/lib/python3.13/site-packages/flask/app.py", line 1073, in url_for
    rv = url_adapter.build(  # type: ignore[union-attr]
        endpoint,
    ...<3 lines>...
        force_external=_external,
    )
  File "/opt/anaconda3/lib/python3.13/site-packages/werkzeug/routing/map.py", line 924, in build
    raise BuildError(endpoint, values, method, self)
werkzeug.routing.exceptions.BuildError: Could not build url for endpoint 'admin.delete_user' with values ['user_id']. Did you mean 'admin.edit_user' instead?
ERROR:root:Internal server error: 500 Internal Server Error: The server encountered an internal error and was unable to complete your request. Either the server is overloaded or there is an error in the application.
Traceback (most recent call last):
  File "/opt/anaconda3/lib/python3.13/site-packages/flask/app.py", line 1473, in wsgi_app
    response = self.full_dispatch_request()
  File "/opt/anaconda3/lib/python3.13/site-packages/flask/app.py", line 882, in full_dispatch_request
    rv = self.handle_user_exception(e)
  File "/opt/anaconda3/lib/python3.13/site-packages/flask/app.py", line 880, in full_dispatch_request
    rv = self.dispatch_request()
  File "/opt/anaconda3/lib/python3.13/site-packages/flask/app.py", line 865, in dispatch_request
    return self.ensure_sync(self.view_functions[rule.endpoint])(**view_args)  # type: ignore[no-any-return]
           ~~~~~~~~~~~~~~~~~~~~~~~~~~~~~~~~~~~~~~~~~~~~~~~~~~~~^^^^^^^^^^^^^
  File "/opt/anaconda3/lib/python3.13/site-packages/flask_login/utils.py", line 290, in decorated_view
    return current_app.ensure_sync(func)(*args, **kwargs)
           ~~~~~~~~~~~~~~~~~~~~~~~~~~~~~^^^^^^^^^^^^^^^^^
  File "/Users/sakshiawasthi/Documents/internship_fixed/utils.py", line 180, in decorated_function
    return f(*args, **kwargs)
  File "/Users/sakshiawasthi/Documents/internship_fixed/admin_routes.py", line 114, in manage_users
    return render_template('admin/manage_users.html', pagination=pagination, search=search, status=status)
  File "/opt/anaconda3/lib/python3.13/site-packages/flask/templating.py", line 150, in render_template
    return _render(app, template, context)
  File "/opt/anaconda3/lib/python3.13/site-packages/flask/templating.py", line 131, in _render
    rv = template.render(context)
  File "/opt/anaconda3/lib/python3.13/site-packages/jinja2/environment.py", line 1295, in render
    self.environment.handle_exception()
    ~~~~~~~~~~~~~~~~~~~~~~~~~~~~~~~~~^^
  File "/opt/anaconda3/lib/python3.13/site-packages/jinja2/environment.py", line 942, in handle_exception
    raise rewrite_traceback_stack(source=source)
  File "/Users/sakshiawasthi/Documents/internship_fixed/templates/admin/manage_users.html", line 1, in top-level template code
    {% extends "base.html" %}
  File "/Users/sakshiawasthi/Documents/internship_fixed/templates/base.html", line 71, in top-level template code
    <main class="page-content">{% block content %}{% endblock %}</main>
    ^^^^^^^^^^^^^^^^^^^^^
  File "/Users/sakshiawasthi/Documents/internship_fixed/templates/admin/manage_users.html", line 86, in block 'content'
    <form method="POST" action="{{ url_for('admin.delete_user', user_id=user.id) }}" style="display:inline;">
    ^^^^^^^^^^^
  File "/opt/anaconda3/lib/python3.13/site-packages/flask/app.py", line 1084, in url_for
    return self.handle_url_build_error(error, endpoint, values)
           ~~~~~~~~~~~~~~~~~~~~~~~~~~~^^^^^^^^^^^^^^^^^^^^^^^^^
  File "/opt/anaconda3/lib/python3.13/site-packages/flask/app.py", line 1073, in url_for
    rv = url_adapter.build(  # type: ignore[union-attr]
        endpoint,
    ...<3 lines>...
        force_external=_external,
    )
  File "/opt/anaconda3/lib/python3.13/site-packages/werkzeug/routing/map.py", line 924, in build
    raise BuildError(endpoint, values, method, self)
werkzeug.routing.exceptions.BuildError: Could not build url for endpoint 'admin.delete_user' with values ['user_id']. Did you mean 'admin.edit_user' instead?
127.0.0.1 - - [14/Apr/2026 02:52:52] "[35m[1mGET /admin/users HTTP/1.1[0m" 500 -
INFO:werkzeug:127.0.0.1 - - [14/Apr/2026 02:52:52] "[35m[1mGET /admin/users HTTP/1.1[0m" 500 -
127.0.0.1 - - [14/Apr/2026 02:52:56] "[36mGET /static/css/style.css HTTP/1.1[0m" 304 -
INFO:werkzeug:127.0.0.1 - - [14/Apr/2026 02:52:56] "[36mGET /static/css/style.css HTTP/1.1[0m" 304 -
127.0.0.1 - - [14/Apr/2026 02:52:56] "[33mGET /.well-known/appspecific/com.chrome.devtools.json HTTP/1.1[0m" 404 -
INFO:werkzeug:127.0.0.1 - - [14/Apr/2026 02:52:56] "[33mGET /.well-known/appspecific/com.chrome.devtools.json HTTP/1.1[0m" 404 -
[2026-04-14 02:52:59,202] ERROR in app: Exception on /admin/users [GET]
Traceback (most recent call last):
  File "/opt/anaconda3/lib/python3.13/site-packages/flask/app.py", line 1473, in wsgi_app
    response = self.full_dispatch_request()
  File "/opt/anaconda3/lib/python3.13/site-packages/flask/app.py", line 882, in full_dispatch_request
    rv = self.handle_user_exception(e)
  File "/opt/anaconda3/lib/python3.13/site-packages/flask/app.py", line 880, in full_dispatch_request
    rv = self.dispatch_request()
  File "/opt/anaconda3/lib/python3.13/site-packages/flask/app.py", line 865, in dispatch_request
    return self.ensure_sync(self.view_functions[rule.endpoint])(**view_args)  # type: ignore[no-any-return]
           ~~~~~~~~~~~~~~~~~~~~~~~~~~~~~~~~~~~~~~~~~~~~~~~~~~~~^^^^^^^^^^^^^
  File "/opt/anaconda3/lib/python3.13/site-packages/flask_login/utils.py", line 290, in decorated_view
    return current_app.ensure_sync(func)(*args, **kwargs)
           ~~~~~~~~~~~~~~~~~~~~~~~~~~~~~^^^^^^^^^^^^^^^^^
  File "/Users/sakshiawasthi/Documents/internship_fixed/utils.py", line 180, in decorated_function
    return f(*args, **kwargs)
  File "/Users/sakshiawasthi/Documents/internship_fixed/admin_routes.py", line 114, in manage_users
    return render_template('admin/manage_users.html', pagination=pagination, search=search, status=status)
  File "/opt/anaconda3/lib/python3.13/site-packages/flask/templating.py", line 150, in render_template
    return _render(app, template, context)
  File "/opt/anaconda3/lib/python3.13/site-packages/flask/templating.py", line 131, in _render
    rv = template.render(context)
  File "/opt/anaconda3/lib/python3.13/site-packages/jinja2/environment.py", line 1295, in render
    self.environment.handle_exception()
    ~~~~~~~~~~~~~~~~~~~~~~~~~~~~~~~~~^^
  File "/opt/anaconda3/lib/python3.13/site-packages/jinja2/environment.py", line 942, in handle_exception
    raise rewrite_traceback_stack(source=source)
  File "/Users/sakshiawasthi/Documents/internship_fixed/templates/admin/manage_users.html", line 1, in top-level template code
    {% extends "base.html" %}
  File "/Users/sakshiawasthi/Documents/internship_fixed/templates/base.html", line 71, in top-level template code
    <main class="page-content">{% block content %}{% endblock %}</main>
    ^^^^^^^^^^^^^^^^^^^^^
  File "/Users/sakshiawasthi/Documents/internship_fixed/templates/admin/manage_users.html", line 86, in block 'content'
    <form method="POST" action="{{ url_for('admin.delete_user', user_id=user.id) }}" style="display:inline;">
    ^^^^^^^^^^^
  File "/opt/anaconda3/lib/python3.13/site-packages/flask/app.py", line 1084, in url_for
    return self.handle_url_build_error(error, endpoint, values)
           ~~~~~~~~~~~~~~~~~~~~~~~~~~~^^^^^^^^^^^^^^^^^^^^^^^^^
  File "/opt/anaconda3/lib/python3.13/site-packages/flask/app.py", line 1073, in url_for
    rv = url_adapter.build(  # type: ignore[union-attr]
        endpoint,
    ...<3 lines>...
        force_external=_external,
    )
  File "/opt/anaconda3/lib/python3.13/site-packages/werkzeug/routing/map.py", line 924, in build
    raise BuildError(endpoint, values, method, self)
werkzeug.routing.exceptions.BuildError: Could not build url for endpoint 'admin.delete_user' with values ['user_id']. Did you mean 'admin.edit_user' instead?
ERROR:app:Exception on /admin/users [GET]
Traceback (most recent call last):
  File "/opt/anaconda3/lib/python3.13/site-packages/flask/app.py", line 1473, in wsgi_app
    response = self.full_dispatch_request()
  File "/opt/anaconda3/lib/python3.13/site-packages/flask/app.py", line 882, in full_dispatch_request
    rv = self.handle_user_exception(e)
  File "/opt/anaconda3/lib/python3.13/site-packages/flask/app.py", line 880, in full_dispatch_request
    rv = self.dispatch_request()
  File "/opt/anaconda3/lib/python3.13/site-packages/flask/app.py", line 865, in dispatch_request
    return self.ensure_sync(self.view_functions[rule.endpoint])(**view_args)  # type: ignore[no-any-return]
           ~~~~~~~~~~~~~~~~~~~~~~~~~~~~~~~~~~~~~~~~~~~~~~~~~~~~^^^^^^^^^^^^^
  File "/opt/anaconda3/lib/python3.13/site-packages/flask_login/utils.py", line 290, in decorated_view
    return current_app.ensure_sync(func)(*args, **kwargs)
           ~~~~~~~~~~~~~~~~~~~~~~~~~~~~~^^^^^^^^^^^^^^^^^
  File "/Users/sakshiawasthi/Documents/internship_fixed/utils.py", line 180, in decorated_function
    return f(*args, **kwargs)
  File "/Users/sakshiawasthi/Documents/internship_fixed/admin_routes.py", line 114, in manage_users
    return render_template('admin/manage_users.html', pagination=pagination, search=search, status=status)
  File "/opt/anaconda3/lib/python3.13/site-packages/flask/templating.py", line 150, in render_template
    return _render(app, template, context)
  File "/opt/anaconda3/lib/python3.13/site-packages/flask/templating.py", line 131, in _render
    rv = template.render(context)
  File "/opt/anaconda3/lib/python3.13/site-packages/jinja2/environment.py", line 1295, in render
    self.environment.handle_exception()
    ~~~~~~~~~~~~~~~~~~~~~~~~~~~~~~~~~^^
  File "/opt/anaconda3/lib/python3.13/site-packages/jinja2/environment.py", line 942, in handle_exception
    raise rewrite_traceback_stack(source=source)
  File "/Users/sakshiawasthi/Documents/internship_fixed/templates/admin/manage_users.html", line 1, in top-level template code
    {% extends "base.html" %}
  File "/Users/sakshiawasthi/Documents/internship_fixed/templates/base.html", line 71, in top-level template code
    <main class="page-content">{% block content %}{% endblock %}</main>
    ^^^^^^^^^^^^^^^^^^^^^
  File "/Users/sakshiawasthi/Documents/internship_fixed/templates/admin/manage_users.html", line 86, in block 'content'
    <form method="POST" action="{{ url_for('admin.delete_user', user_id=user.id) }}" style="display:inline;">
    ^^^^^^^^^^^
  File "/opt/anaconda3/lib/python3.13/site-packages/flask/app.py", line 1084, in url_for
    return self.handle_url_build_error(error, endpoint, values)
           ~~~~~~~~~~~~~~~~~~~~~~~~~~~^^^^^^^^^^^^^^^^^^^^^^^^^
  File "/opt/anaconda3/lib/python3.13/site-packages/flask/app.py", line 1073, in url_for
    rv = url_adapter.build(  # type: ignore[union-attr]
        endpoint,
    ...<3 lines>...
        force_external=_external,
    )
  File "/opt/anaconda3/lib/python3.13/site-packages/werkzeug/routing/map.py", line 924, in build
    raise BuildError(endpoint, values, method, self)
werkzeug.routing.exceptions.BuildError: Could not build url for endpoint 'admin.delete_user' with values ['user_id']. Did you mean 'admin.edit_user' instead?
ERROR:root:Internal server error: 500 Internal Server Error: The server encountered an internal error and was unable to complete your request. Either the server is overloaded or there is an error in the application.
Traceback (most recent call last):
  File "/opt/anaconda3/lib/python3.13/site-packages/flask/app.py", line 1473, in wsgi_app
    response = self.full_dispatch_request()
  File "/opt/anaconda3/lib/python3.13/site-packages/flask/app.py", line 882, in full_dispatch_request
    rv = self.handle_user_exception(e)
  File "/opt/anaconda3/lib/python3.13/site-packages/flask/app.py", line 880, in full_dispatch_request
    rv = self.dispatch_request()
  File "/opt/anaconda3/lib/python3.13/site-packages/flask/app.py", line 865, in dispatch_request
    return self.ensure_sync(self.view_functions[rule.endpoint])(**view_args)  # type: ignore[no-any-return]
           ~~~~~~~~~~~~~~~~~~~~~~~~~~~~~~~~~~~~~~~~~~~~~~~~~~~~^^^^^^^^^^^^^
  File "/opt/anaconda3/lib/python3.13/site-packages/flask_login/utils.py", line 290, in decorated_view
    return current_app.ensure_sync(func)(*args, **kwargs)
           ~~~~~~~~~~~~~~~~~~~~~~~~~~~~~^^^^^^^^^^^^^^^^^
  File "/Users/sakshiawasthi/Documents/internship_fixed/utils.py", line 180, in decorated_function
    return f(*args, **kwargs)
  File "/Users/sakshiawasthi/Documents/internship_fixed/admin_routes.py", line 114, in manage_users
    return render_template('admin/manage_users.html', pagination=pagination, search=search, status=status)
  File "/opt/anaconda3/lib/python3.13/site-packages/flask/templating.py", line 150, in render_template
    return _render(app, template, context)
  File "/opt/anaconda3/lib/python3.13/site-packages/flask/templating.py", line 131, in _render
    rv = template.render(context)
  File "/opt/anaconda3/lib/python3.13/site-packages/jinja2/environment.py", line 1295, in render
    self.environment.handle_exception()
    ~~~~~~~~~~~~~~~~~~~~~~~~~~~~~~~~~^^
  File "/opt/anaconda3/lib/python3.13/site-packages/jinja2/environment.py", line 942, in handle_exception
    raise rewrite_traceback_stack(source=source)
  File "/Users/sakshiawasthi/Documents/internship_fixed/templates/admin/manage_users.html", line 1, in top-level template code
    {% extends "base.html" %}
  File "/Users/sakshiawasthi/Documents/internship_fixed/templates/base.html", line 71, in top-level template code
    <main class="page-content">{% block content %}{% endblock %}</main>
    ^^^^^^^^^^^^^^^^^^^^^
  File "/Users/sakshiawasthi/Documents/internship_fixed/templates/admin/manage_users.html", line 86, in block 'content'
    <form method="POST" action="{{ url_for('admin.delete_user', user_id=user.id) }}" style="display:inline;">
    ^^^^^^^^^^^
  File "/opt/anaconda3/lib/python3.13/site-packages/flask/app.py", line 1084, in url_for
    return self.handle_url_build_error(error, endpoint, values)
           ~~~~~~~~~~~~~~~~~~~~~~~~~~~^^^^^^^^^^^^^^^^^^^^^^^^^
  File "/opt/anaconda3/lib/python3.13/site-packages/flask/app.py", line 1073, in url_for
    rv = url_adapter.build(  # type: ignore[union-attr]
        endpoint,
    ...<3 lines>...
        force_external=_external,
    )
  File "/opt/anaconda3/lib/python3.13/site-packages/werkzeug/routing/map.py", line 924, in build
    raise BuildError(endpoint, values, method, self)
werkzeug.routing.exceptions.BuildError: Could not build url for endpoint 'admin.delete_user' with values ['user_id']. Did you mean 'admin.edit_user' instead?
127.0.0.1 - - [14/Apr/2026 02:52:59] "[35m[1mGET /admin/users HTTP/1.1[0m" 500 -
INFO:werkzeug:127.0.0.1 - - [14/Apr/2026 02:52:59] "[35m[1mGET /admin/users HTTP/1.1[0m" 500 -
127.0.0.1 - - [14/Apr/2026 02:52:59] "[33mGET /.well-known/appspecific/com.chrome.devtools.json HTTP/1.1[0m" 404 -
INFO:werkzeug:127.0.0.1 - - [14/Apr/2026 02:52:59] "[33mGET /.well-known/appspecific/com.chrome.devtools.json HTTP/1.1[0m" 404 -
